<?xml version="1.0" encoding="UTF-8"?>
<testsuite name="com.tdd.TddDemo" tests="1" skipped="0" failures="0" errors="0" timestamp="2020-10-28T10:43:56" hostname="DESKTOP-9T3G1G1" time="0.021">
  <properties/>
  <testcase name="InvoiceServiceTest" classname="com.tdd.TddDemo" time="0.021"/>
  <system-out><![CDATA[
Fare: 42
{Bibhav=[42]}

Fare: 109
{Bibhav=[42, 109]}

Fare: 28
{Bibhav=[42, 109, 28]}
Total Fare is 179
]]></system-out>
  <system-err><![CDATA[]]></system-err>
</testsuite>
