<?xml version="1.0" encoding="UTF-8"?>
<testsuite name="com.tdd.TddDemo" tests="1" skipped="0" failures="0" errors="0" timestamp="2020-10-28T07:01:18" hostname="DESKTOP-9T3G1G1" time="0.002">
  <properties/>
  <testcase name="shouldReturn_TotalFare_AvgFare_NoOfRides" classname="com.tdd.TddDemo" time="0.002"/>
  <system-out><![CDATA[]]></system-out>
  <system-err><![CDATA[]]></system-err>
</testsuite>
