<?xml version="1.0" encoding="UTF-8"?>
<testsuite name="com.tdd.TddDemo" tests="1" skipped="0" failures="0" errors="0" timestamp="2020-10-27T17:46:47" hostname="DESKTOP-9T3G1G1" time="0.009">
  <properties/>
  <testcase name="shouldReturnTotalFareOfJourney" classname="com.tdd.TddDemo" time="0.009"/>
  <system-out><![CDATA[Total Fare is 5 Rupees.
]]></system-out>
  <system-err><![CDATA[]]></system-err>
</testsuite>
